# JRE version: OpenJDK Runtime Environment (17.0.7) (build 17.0.7+0-b2043.56-10550314)
# Java VM: OpenJDK 64-Bit Server VM (17.0.7+0-b2043.56-10550314, mixed mode, tiered, compressed oops, compressed class ptrs, g1 gc, windows-amd64)
GC Precious Log:
 CPUs: 8 total, 8 available
 Memory: 12053M
 Large Page Support: Disabled
 NUMA Support: Disabled
 Compressed Oops: Enabled (32-bit)
 Heap Region Size: 1M
 Heap Min Capacity: 8M
 Heap Initial Capacity: 190M
 Heap Max Capacity: 2G
 Pre-touch: Disabled
 Parallel Workers: 8
 Concurrent Workers: 2
 Concurrent Refinement Workers: 8
 Periodic GC: Disabled
Heap:
 garbage-first heap   total 314368K, used 159094K [0x0000000080000000, 0x0000000100000000)
  region size 1024K, 5 young (5120K), 5 survivors (5120K)
 Metaspace       used 145215K, committed 146304K, reserved 1179648K
  class space    used 19619K, committed 20160K, reserved 1048576K
GC Heap History (20 events):
Event: 1076.405 GC heap after
{Heap after GC invocations=100 (full 0):
 garbage-first heap   total 314368K, used 147334K [0x0000000080000000, 0x0000000100000000)
  region size 1024K, 2 young (2048K), 2 survivors (2048K)
 Metaspace       used 141970K, committed 142912K, reserved 1179648K
  class space    used 19422K, committed 19904K, reserved 1048576K
}
Event: 1141.312 GC heap before
{Heap before GC invocations=100 (full 0):
 garbage-first heap   total 314368K, used 268166K [0x0000000080000000, 0x0000000100000000)
  region size 1024K, 121 young (123904K), 2 survivors (2048K)
 Metaspace       used 143367K, committed 144320K, reserved 1179648K
  class space    used 19553K, committed 20032K, reserved 1048576K
}
Event: 1142.122 GC heap after
{Heap after GC invocations=101 (full 0):
 garbage-first heap   total 314368K, used 156880K [0x0000000080000000, 0x0000000100000000)
  region size 1024K, 11 young (11264K), 11 survivors (11264K)
 Metaspace       used 143367K, committed 144320K, reserved 1179648K
  class space    used 19553K, committed 20032K, reserved 1048576K
}
Event: 1142.947 GC heap before
{Heap before GC invocations=101 (full 0):
 garbage-first heap   total 314368K, used 159952K [0x0000000080000000, 0x0000000100000000)
  region size 1024K, 15 young (15360K), 11 survivors (11264K)
 Metaspace       used 143378K, committed 144384K, reserved 1179648K
  class space    used 19553K, committed 20032K, reserved 1048576K
}
Event: 1143.165 GC heap after
{Heap after GC invocations=102 (full 0):
 garbage-first heap   total 314368K, used 158483K [0x0000000080000000, 0x0000000100000000)
  region size 1024K, 2 young (2048K), 2 survivors (2048K)
 Metaspace       used 143378K, committed 144384K, reserved 1179648K
  class space    used 19553K, committed 20032K, reserved 1048576K
}
Event: 1145.963 GC heap before
{Heap before GC invocations=102 (full 0):
 garbage-first heap   total 314368K, used 162579K [0x0000000080000000, 0x0000000100000000)
  region size 1024K, 7 young (7168K), 2 survivors (2048K)
 Metaspace       used 143406K, committed 144384K, reserved 1179648K
  class space    used 19555K, committed 20032K, reserved 1048576K
}
Event: 1146.292 GC heap after
{Heap after GC invocations=103 (full 0):
 garbage-first heap   total 314368K, used 157354K [0x0000000080000000, 0x0000000100000000)
  region size 1024K, 1 young (1024K), 1 survivors (1024K)
 Metaspace       used 143406K, committed 144384K, reserved 1179648K
  class space    used 19555K, committed 20032K, reserved 1048576K
}
Event: 1344.317 GC heap before
{Heap before GC invocations=104 (full 0):
 garbage-first heap   total 314368K, used 281258K [0x0000000080000000, 0x0000000100000000)
  region size 1024K, 101 young (103424K), 1 survivors (1024K)
 Metaspace       used 143818K, committed 144832K, reserved 1179648K
  class space    used 19588K, committed 20096K, reserved 1048576K
}
Event: 1344.421 GC heap after
{Heap after GC invocations=105 (full 0):
 garbage-first heap   total 314368K, used 166283K [0x0000000080000000, 0x0000000100000000)
  region size 1024K, 11 young (11264K), 11 survivors (11264K)
 Metaspace       used 143818K, committed 144832K, reserved 1179648K
  class space    used 19588K, committed 20096K, reserved 1048576K
}
Event: 1344.727 GC heap before
{Heap before GC invocations=105 (full 0):
 garbage-first heap   total 314368K, used 170379K [0x0000000080000000, 0x0000000100000000)
  region size 1024K, 15 young (15360K), 11 survivors (11264K)
 Metaspace       used 143823K, committed 144832K, reserved 1179648K
  class space    used 19588K, committed 20096K, reserved 1048576K
}
Event: 1344.842 GC heap after
{Heap after GC invocations=106 (full 0):
 garbage-first heap   total 314368K, used 154441K [0x0000000080000000, 0x0000000100000000)
  region size 1024K, 2 young (2048K), 2 survivors (2048K)
 Metaspace       used 143823K, committed 144832K, reserved 1179648K
  class space    used 19588K, committed 20096K, reserved 1048576K
}
Event: 1378.409 GC heap before
{Heap before GC invocations=106 (full 0):
 garbage-first heap   total 314368K, used 258889K [0x0000000080000000, 0x0000000100000000)
  region size 1024K, 105 young (107520K), 2 survivors (2048K)
 Metaspace       used 144670K, committed 145664K, reserved 1179648K
  class space    used 19609K, committed 20096K, reserved 1048576K
}
Event: 1378.480 GC heap after
{Heap after GC invocations=107 (full 0):
 garbage-first heap   total 314368K, used 159003K [0x0000000080000000, 0x0000000100000000)
  region size 1024K, 6 young (6144K), 6 survivors (6144K)
 Metaspace       used 144670K, committed 145664K, reserved 1179648K
  class space    used 19609K, committed 20096K, reserved 1048576K
}
Event: 1384.500 GC heap before
{Heap before GC invocations=107 (full 0):
 garbage-first heap   total 314368K, used 224539K [0x0000000080000000, 0x0000000100000000)
  region size 1024K, 72 young (73728K), 6 survivors (6144K)
 Metaspace       used 144897K, committed 145984K, reserved 1179648K
  class space    used 19613K, committed 20160K, reserved 1048576K
}
Event: 1384.551 GC heap after
{Heap after GC invocations=108 (full 0):
 garbage-first heap   total 314368K, used 155779K [0x0000000080000000, 0x0000000100000000)
  region size 1024K, 3 young (3072K), 3 survivors (3072K)
 Metaspace       used 144897K, committed 145984K, reserved 1179648K
  class space    used 19613K, committed 20160K, reserved 1048576K
}
Event: 1491.572 GC heap before
{Heap before GC invocations=109 (full 0):
 garbage-first heap   total 314368K, used 286851K [0x0000000080000000, 0x0000000100000000)
  region size 1024K, 109 young (111616K), 3 survivors (3072K)
 Metaspace       used 145109K, committed 146176K, reserved 1179648K
  class space    used 19616K, committed 20160K, reserved 1048576K
}
Event: 1492.097 GC heap after
{Heap after GC invocations=110 (full 0):
 garbage-first heap   total 314368K, used 165463K [0x0000000080000000, 0x0000000100000000)
  region size 1024K, 13 young (13312K), 13 survivors (13312K)
 Metaspace       used 145109K, committed 146176K, reserved 1179648K
  class space    used 19616K, committed 20160K, reserved 1048576K
}
Event: 1493.494 GC heap before
{Heap before GC invocations=110 (full 0):
 garbage-first heap   total 314368K, used 166487K [0x0000000080000000, 0x0000000100000000)
  region size 1024K, 15 young (15360K), 13 survivors (13312K)
 Metaspace       used 145109K, committed 146176K, reserved 1179648K
  class space    used 19616K, committed 20160K, reserved 1048576K
}
Event: 1494.218 GC heap after
{Heap after GC invocations=111 (full 0):
 garbage-first heap   total 314368K, used 155932K [0x0000000080000000, 0x0000000100000000)
  region size 1024K, 2 young (2048K), 2 survivors (2048K)
 Metaspace       used 145109K, committed 146176K, reserved 1179648K
  class space    used 19616K, committed 20160K, reserved 1048576K
}
Event: 1521.494 GC heap before
{Heap before GC invocations=111 (full 0):
 garbage-first heap   total 314368K, used 211228K [0x0000000080000000, 0x0000000100000000)
  region size 1024K, 57 young (58368K), 2 survivors (2048K)
 Metaspace       used 145215K, committed 146304K, reserved 1179648K
  class space    used 19619K, committed 20160K, reserved 1048576K
}

